2025-12-09T16:07:36.451+03:00  INFO 6332 --- [philharmonic] [restartedMain] c.example.demo.PhilharmonicApplication   : Starting PhilharmonicApplication using Java 21.0.8 with PID 6332 (C:\Users\zlatk\Desktop\UNI но не clo\веб разработка\курсовая\demo\target\classes started by zlatk in C:\Users\zlatk\Desktop\UNI но не clo\веб разработка\курсовая\demo)
2025-12-09T16:07:36.480+03:00 DEBUG 6332 --- [philharmonic] [restartedMain] c.example.demo.PhilharmonicApplication   : Running with Spring Boot v3.4.0, Spring v6.2.0
2025-12-09T16:07:36.482+03:00  INFO 6332 --- [philharmonic] [restartedMain] c.example.demo.PhilharmonicApplication   : No active profile set, falling back to 1 default profile: "default"
2025-12-09T16:07:36.598+03:00  INFO 6332 --- [philharmonic] [restartedMain] .e.DevToolsPropertyDefaultsPostProcessor : Devtools property defaults active! Set 'spring.devtools.add-properties' to 'false' to disable
2025-12-09T16:07:36.598+03:00  INFO 6332 --- [philharmonic] [restartedMain] .e.DevToolsPropertyDefaultsPostProcessor : For additional web related logging consider setting the 'logging.level.web' property to 'DEBUG'
2025-12-09T16:07:40.765+03:00  INFO 6332 --- [philharmonic] [restartedMain] .s.d.r.c.RepositoryConfigurationDelegate : Multiple Spring Data modules found, entering strict repository configuration mode
2025-12-09T16:07:40.770+03:00  INFO 6332 --- [philharmonic] [restartedMain] .s.d.r.c.RepositoryConfigurationDelegate : Bootstrapping Spring Data JPA repositories in DEFAULT mode.
2025-12-09T16:07:41.310+03:00  INFO 6332 --- [philharmonic] [restartedMain] .s.d.r.c.RepositoryConfigurationDelegate : Finished Spring Data repository scanning in 515 ms. Found 7 JPA repository interfaces.
2025-12-09T16:07:41.352+03:00  INFO 6332 --- [philharmonic] [restartedMain] .s.d.r.c.RepositoryConfigurationDelegate : Multiple Spring Data modules found, entering strict repository configuration mode
2025-12-09T16:07:41.355+03:00  INFO 6332 --- [philharmonic] [restartedMain] .s.d.r.c.RepositoryConfigurationDelegate : Bootstrapping Spring Data Redis repositories in DEFAULT mode.
2025-12-09T16:07:41.416+03:00  INFO 6332 --- [philharmonic] [restartedMain] .RepositoryConfigurationExtensionSupport : Spring Data Redis - Could not safely identify store assignment for repository candidate interface com.example.demo.repositories.BookingRepository; If you want this repository to be a Redis repository, consider annotating your entities with one of these annotations: org.springframework.data.redis.core.RedisHash (preferred), or consider extending one of the following types with your repository: org.springframework.data.keyvalue.repository.KeyValueRepository
2025-12-09T16:07:41.417+03:00  INFO 6332 --- [philharmonic] [restartedMain] .RepositoryConfigurationExtensionSupport : Spring Data Redis - Could not safely identify store assignment for repository candidate interface com.example.demo.repositories.EventRepository; If you want this repository to be a Redis repository, consider annotating your entities with one of these annotations: org.springframework.data.redis.core.RedisHash (preferred), or consider extending one of the following types with your repository: org.springframework.data.keyvalue.repository.KeyValueRepository
2025-12-09T16:07:41.419+03:00  INFO 6332 --- [philharmonic] [restartedMain] .RepositoryConfigurationExtensionSupport : Spring Data Redis - Could not safely identify store assignment for repository candidate interface com.example.demo.repositories.GenreRepository; If you want this repository to be a Redis repository, consider annotating your entities with one of these annotations: org.springframework.data.redis.core.RedisHash (preferred), or consider extending one of the following types with your repository: org.springframework.data.keyvalue.repository.KeyValueRepository
2025-12-09T16:07:41.420+03:00  INFO 6332 --- [philharmonic] [restartedMain] .RepositoryConfigurationExtensionSupport : Spring Data Redis - Could not safely identify store assignment for repository candidate interface com.example.demo.repositories.HallRepository; If you want this repository to be a Redis repository, consider annotating your entities with one of these annotations: org.springframework.data.redis.core.RedisHash (preferred), or consider extending one of the following types with your repository: org.springframework.data.keyvalue.repository.KeyValueRepository
2025-12-09T16:07:41.421+03:00  INFO 6332 --- [philharmonic] [restartedMain] .RepositoryConfigurationExtensionSupport : Spring Data Redis - Could not safely identify store assignment for repository candidate interface com.example.demo.repositories.PerformerRepository; If you want this repository to be a Redis repository, consider annotating your entities with one of these annotations: org.springframework.data.redis.core.RedisHash (preferred), or consider extending one of the following types with your repository: org.springframework.data.keyvalue.repository.KeyValueRepository
2025-12-09T16:07:41.422+03:00  INFO 6332 --- [philharmonic] [restartedMain] .RepositoryConfigurationExtensionSupport : Spring Data Redis - Could not safely identify store assignment for repository candidate interface com.example.demo.repositories.UserRepository; If you want this repository to be a Redis repository, consider annotating your entities with one of these annotations: org.springframework.data.redis.core.RedisHash (preferred), or consider extending one of the following types with your repository: org.springframework.data.keyvalue.repository.KeyValueRepository
2025-12-09T16:07:41.423+03:00  INFO 6332 --- [philharmonic] [restartedMain] .RepositoryConfigurationExtensionSupport : Spring Data Redis - Could not safely identify store assignment for repository candidate interface com.example.demo.repositories.UserRoleRepository; If you want this repository to be a Redis repository, consider annotating your entities with one of these annotations: org.springframework.data.redis.core.RedisHash (preferred), or consider extending one of the following types with your repository: org.springframework.data.keyvalue.repository.KeyValueRepository
2025-12-09T16:07:41.423+03:00  INFO 6332 --- [philharmonic] [restartedMain] .s.d.r.c.RepositoryConfigurationDelegate : Finished Spring Data repository scanning in 46 ms. Found 0 Redis repository interfaces.
2025-12-09T16:07:44.980+03:00  INFO 6332 --- [philharmonic] [restartedMain] o.s.b.w.embedded.tomcat.TomcatWebServer  : Tomcat initialized with port 8080 (http)
2025-12-09T16:07:45.184+03:00  INFO 6332 --- [philharmonic] [restartedMain] o.apache.catalina.core.StandardService   : Starting service [Tomcat]
2025-12-09T16:07:45.197+03:00  INFO 6332 --- [philharmonic] [restartedMain] o.apache.catalina.core.StandardEngine    : Starting Servlet engine: [Apache Tomcat/10.1.33]
2025-12-09T16:07:45.457+03:00  INFO 6332 --- [philharmonic] [restartedMain] o.a.c.c.C.[Tomcat].[localhost].[/]       : Initializing Spring embedded WebApplicationContext
2025-12-09T16:07:45.458+03:00  INFO 6332 --- [philharmonic] [restartedMain] w.s.c.ServletWebServerApplicationContext : Root WebApplicationContext: initialization completed in 8859 ms
2025-12-09T16:07:46.127+03:00 DEBUG 6332 --- [philharmonic] [restartedMain] o.s.w.f.ServerHttpObservationFilter      : Filter 'webMvcObservationFilter' configured for use
2025-12-09T16:07:47.580+03:00  INFO 6332 --- [philharmonic] [restartedMain] o.hibernate.jpa.internal.util.LogHelper  : HHH000204: Processing PersistenceUnitInfo [name: default]
2025-12-09T16:07:47.792+03:00  INFO 6332 --- [philharmonic] [restartedMain] org.hibernate.Version                    : HHH000412: Hibernate ORM core version 6.6.2.Final
2025-12-09T16:07:47.896+03:00  INFO 6332 --- [philharmonic] [restartedMain] o.h.c.internal.RegionFactoryInitiator    : HHH000026: Second-level cache disabled
2025-12-09T16:07:48.706+03:00  INFO 6332 --- [philharmonic] [restartedMain] o.s.o.j.p.SpringPersistenceUnitInfo      : No LoadTimeWeaver setup: ignoring JPA class transformer
2025-12-09T16:07:48.780+03:00  INFO 6332 --- [philharmonic] [restartedMain] com.zaxxer.hikari.HikariDataSource       : HikariPool-1 - Starting...
2025-12-09T16:07:49.240+03:00  INFO 6332 --- [philharmonic] [restartedMain] com.zaxxer.hikari.pool.HikariPool        : HikariPool-1 - Added connection org.postgresql.jdbc.PgConnection@6200793e
2025-12-09T16:07:49.243+03:00  INFO 6332 --- [philharmonic] [restartedMain] com.zaxxer.hikari.HikariDataSource       : HikariPool-1 - Start completed.
2025-12-09T16:07:49.317+03:00  WARN 6332 --- [philharmonic] [restartedMain] org.hibernate.orm.deprecation            : HHH90000025: PostgreSQLDialect does not need to be specified explicitly using 'hibernate.dialect' (remove the property setting and it will be selected by default)
2025-12-09T16:07:49.358+03:00  INFO 6332 --- [philharmonic] [restartedMain] org.hibernate.orm.connections.pooling    : HHH10001005: Database info:
	Database JDBC URL [Connecting through datasource 'HikariDataSource (HikariPool-1)']
	Database driver: undefined/unknown
	Database version: 16.3
	Autocommit mode: undefined/unknown
	Isolation level: undefined/unknown
	Minimum pool size: undefined/unknown
	Maximum pool size: undefined/unknown
2025-12-09T16:07:52.118+03:00  INFO 6332 --- [philharmonic] [restartedMain] o.h.e.t.j.p.i.JtaPlatformInitiator       : HHH000489: No JTA platform available (set 'hibernate.transaction.jta.platform' to enable JTA platform integration)
2025-12-09T16:07:52.157+03:00 DEBUG 6332 --- [philharmonic] [restartedMain] org.hibernate.SQL                        : 
    set client_min_messages = WARNING
2025-12-09T16:07:52.166+03:00 DEBUG 6332 --- [philharmonic] [restartedMain] org.hibernate.SQL                        : 
    alter table if exists bookings 
       drop constraint if exists FK2ww82bk3npaiyu9oeehwtt2q3
2025-12-09T16:07:52.172+03:00 DEBUG 6332 --- [philharmonic] [restartedMain] org.hibernate.SQL                        : 
    alter table if exists bookings 
       drop constraint if exists FKeyog2oic85xg7hsu2je2lx3s6
2025-12-09T16:07:52.174+03:00 DEBUG 6332 --- [philharmonic] [restartedMain] org.hibernate.SQL                        : 
    alter table if exists events 
       drop constraint if exists FK2dgitr96hv84be389ofxq53sc
2025-12-09T16:07:52.177+03:00 DEBUG 6332 --- [philharmonic] [restartedMain] org.hibernate.SQL                        : 
    alter table if exists events 
       drop constraint if exists FKq4ae93bqrbhtadn64yumsgk6n
2025-12-09T16:07:52.181+03:00 DEBUG 6332 --- [philharmonic] [restartedMain] org.hibernate.SQL                        : 
    alter table if exists events_performers 
       drop constraint if exists FKdx1g8wfp9m94f7972tlag4439
2025-12-09T16:07:52.183+03:00 DEBUG 6332 --- [philharmonic] [restartedMain] org.hibernate.SQL                        : 
    alter table if exists events_performers 
       drop constraint if exists FK6by6l26wagi04hkcyxhj9ombr
2025-12-09T16:07:52.186+03:00 DEBUG 6332 --- [philharmonic] [restartedMain] org.hibernate.SQL                        : 
    alter table if exists performers 
       drop constraint if exists FKn0tjwa5xwr05la30xcxtl9ujd
2025-12-09T16:07:52.188+03:00 DEBUG 6332 --- [philharmonic] [restartedMain] org.hibernate.SQL                        : 
    alter table if exists users_roles 
       drop constraint if exists FKj6m8fwv7oqv74fcehir1a9ffy
2025-12-09T16:07:52.190+03:00 DEBUG 6332 --- [philharmonic] [restartedMain] org.hibernate.SQL                        : 
    alter table if exists users_roles 
       drop constraint if exists FK2o0jvgh89lemvvo17cbqvdxaa
2025-12-09T16:07:52.192+03:00 DEBUG 6332 --- [philharmonic] [restartedMain] org.hibernate.SQL                        : 
    drop table if exists bookings cascade
2025-12-09T16:07:52.194+03:00 DEBUG 6332 --- [philharmonic] [restartedMain] org.hibernate.SQL                        : 
    drop table if exists events cascade
2025-12-09T16:07:52.196+03:00 DEBUG 6332 --- [philharmonic] [restartedMain] org.hibernate.SQL                        : 
    drop table if exists events_performers cascade
2025-12-09T16:07:52.198+03:00 DEBUG 6332 --- [philharmonic] [restartedMain] org.hibernate.SQL                        : 
    drop table if exists genres cascade
2025-12-09T16:07:52.200+03:00 DEBUG 6332 --- [philharmonic] [restartedMain] org.hibernate.SQL                        : 
    drop table if exists halls cascade
2025-12-09T16:07:52.201+03:00 DEBUG 6332 --- [philharmonic] [restartedMain] org.hibernate.SQL                        : 
    drop table if exists performers cascade
2025-12-09T16:07:52.204+03:00 DEBUG 6332 --- [philharmonic] [restartedMain] org.hibernate.SQL                        : 
    drop table if exists roles cascade
2025-12-09T16:07:52.205+03:00 DEBUG 6332 --- [philharmonic] [restartedMain] org.hibernate.SQL                        : 
    drop table if exists users cascade
2025-12-09T16:07:52.208+03:00 DEBUG 6332 --- [philharmonic] [restartedMain] org.hibernate.SQL                        : 
    drop table if exists users_roles cascade
2025-12-09T16:07:52.222+03:00 DEBUG 6332 --- [philharmonic] [restartedMain] org.hibernate.SQL                        : 
    create table bookings (
        seats_count integer not null,
        created_at timestamp(6) not null,
        updated_at timestamp(6),
        comment varchar(255) not null,
        event_id varchar(255),
        id varchar(255) not null,
        user_id varchar(255),
        primary key (id)
    )
2025-12-09T16:07:52.254+03:00 DEBUG 6332 --- [philharmonic] [restartedMain] org.hibernate.SQL                        : 
    create table events (
        available_seats integer not null,
        created_at timestamp(6) not null,
        date_time timestamp(6) not null,
        updated_at timestamp(6),
        image_url varchar(1000),
        description varchar(255) not null,
        event_type varchar(255) not null check (event_type in ('CONCERT','CINEMA','THEATER','STANDUP','SPORT','MASTERCLASS','FESTIVAL')),
        genre_id varchar(255),
        hall_id varchar(255),
        id varchar(255) not null,
        title varchar(255) not null,
        primary key (id)
    )
2025-12-09T16:07:52.268+03:00 DEBUG 6332 --- [philharmonic] [restartedMain] org.hibernate.SQL                        : 
    create table events_performers (
        event_id varchar(255) not null,
        performer_id varchar(255) not null
    )
2025-12-09T16:07:52.276+03:00 DEBUG 6332 --- [philharmonic] [restartedMain] org.hibernate.SQL                        : 
    create table genres (
        created_at timestamp(6) not null,
        updated_at timestamp(6),
        id varchar(255) not null,
        name varchar(255) not null unique,
        primary key (id)
    )
2025-12-09T16:07:52.289+03:00 DEBUG 6332 --- [philharmonic] [restartedMain] org.hibernate.SQL                        : 
    create table halls (
        capacity integer not null,
        created_at timestamp(6) not null,
        updated_at timestamp(6),
        address varchar(255) not null,
        id varchar(255) not null,
        name varchar(255) not null,
        primary key (id)
    )
2025-12-09T16:07:52.307+03:00 DEBUG 6332 --- [philharmonic] [restartedMain] org.hibernate.SQL                        : 
    create table performers (
        created_at timestamp(6) not null,
        updated_at timestamp(6),
        description varchar(255),
        genre_id varchar(255),
        id varchar(255) not null,
        name varchar(255) not null,
        primary key (id)
    )
2025-12-09T16:07:52.332+03:00 DEBUG 6332 --- [philharmonic] [restartedMain] org.hibernate.SQL                        : 
    create table roles (
        name smallint check (name between 0 and 1),
        created_at timestamp(6) not null,
        updated_at timestamp(6),
        id varchar(255) not null,
        primary key (id)
    )
2025-12-09T16:07:52.366+03:00 DEBUG 6332 --- [philharmonic] [restartedMain] org.hibernate.SQL                        : 
    create table users (
        age integer not null,
        created_at timestamp(6) not null,
        updated_at timestamp(6),
        email varchar(255) not null unique,
        full_name varchar(255) not null,
        id varchar(255) not null,
        password varchar(255) not null,
        username varchar(255) not null unique,
        primary key (id)
    )
2025-12-09T16:07:52.415+03:00 DEBUG 6332 --- [philharmonic] [restartedMain] org.hibernate.SQL                        : 
    create table users_roles (
        role_id varchar(255) not null,
        user_id varchar(255) not null
    )
2025-12-09T16:07:52.432+03:00 DEBUG 6332 --- [philharmonic] [restartedMain] org.hibernate.SQL                        : 
    alter table if exists bookings 
       add constraint FK2ww82bk3npaiyu9oeehwtt2q3 
       foreign key (event_id) 
       references events
2025-12-09T16:07:52.452+03:00 DEBUG 6332 --- [philharmonic] [restartedMain] org.hibernate.SQL                        : 
    alter table if exists bookings 
       add constraint FKeyog2oic85xg7hsu2je2lx3s6 
       foreign key (user_id) 
       references users
2025-12-09T16:07:52.456+03:00 DEBUG 6332 --- [philharmonic] [restartedMain] org.hibernate.SQL                        : 
    alter table if exists events 
       add constraint FK2dgitr96hv84be389ofxq53sc 
       foreign key (genre_id) 
       references genres
2025-12-09T16:07:52.461+03:00 DEBUG 6332 --- [philharmonic] [restartedMain] org.hibernate.SQL                        : 
    alter table if exists events 
       add constraint FKq4ae93bqrbhtadn64yumsgk6n 
       foreign key (hall_id) 
       references halls
2025-12-09T16:07:52.466+03:00 DEBUG 6332 --- [philharmonic] [restartedMain] org.hibernate.SQL                        : 
    alter table if exists events_performers 
       add constraint FKdx1g8wfp9m94f7972tlag4439 
       foreign key (performer_id) 
       references performers
2025-12-09T16:07:52.469+03:00 DEBUG 6332 --- [philharmonic] [restartedMain] org.hibernate.SQL                        : 
    alter table if exists events_performers 
       add constraint FK6by6l26wagi04hkcyxhj9ombr 
       foreign key (event_id) 
       references events
2025-12-09T16:07:52.478+03:00 DEBUG 6332 --- [philharmonic] [restartedMain] org.hibernate.SQL                        : 
    alter table if exists performers 
       add constraint FKn0tjwa5xwr05la30xcxtl9ujd 
       foreign key (genre_id) 
       references genres
2025-12-09T16:07:52.485+03:00 DEBUG 6332 --- [philharmonic] [restartedMain] org.hibernate.SQL                        : 
    alter table if exists users_roles 
       add constraint FKj6m8fwv7oqv74fcehir1a9ffy 
       foreign key (role_id) 
       references roles
2025-12-09T16:07:52.491+03:00 DEBUG 6332 --- [philharmonic] [restartedMain] org.hibernate.SQL                        : 
    alter table if exists users_roles 
       add constraint FK2o0jvgh89lemvvo17cbqvdxaa 
       foreign key (user_id) 
       references users
2025-12-09T16:07:52.504+03:00  INFO 6332 --- [philharmonic] [restartedMain] j.LocalContainerEntityManagerFactoryBean : Initialized JPA EntityManagerFactory for persistence unit 'default'
2025-12-09T16:07:54.195+03:00  INFO 6332 --- [philharmonic] [restartedMain] c.e.d.config.AppSecurityConfiguration    : AppSecurityConfiguration инициализирована
2025-12-09T16:07:54.390+03:00  INFO 6332 --- [philharmonic] [restartedMain] c.e.demo.controllers.AuthController      : AuthController инициализирован
2025-12-09T16:07:55.002+03:00  WARN 6332 --- [philharmonic] [restartedMain] ConfigServletWebServerApplicationContext : Exception encountered during context initialization - cancelling refresh attempt: org.springframework.beans.factory.BeanCreationException: Error creating bean with name 'init' defined in file [C:\Users\zlatk\Desktop\UNI но не clo\веб разработка\курсовая\demo\target\classes\com\example\demo\Init.class]: Unexpected exception during bean creation
2025-12-09T16:07:55.003+03:00  INFO 6332 --- [philharmonic] [restartedMain] j.LocalContainerEntityManagerFactoryBean : Closing JPA EntityManagerFactory for persistence unit 'default'
2025-12-09T16:07:55.006+03:00 DEBUG 6332 --- [philharmonic] [restartedMain] org.hibernate.SQL                        : 
    set client_min_messages = WARNING
2025-12-09T16:07:55.025+03:00 DEBUG 6332 --- [philharmonic] [restartedMain] org.hibernate.SQL                        : 
    alter table if exists bookings 
       drop constraint if exists FK2ww82bk3npaiyu9oeehwtt2q3
2025-12-09T16:07:55.061+03:00 DEBUG 6332 --- [philharmonic] [restartedMain] org.hibernate.SQL                        : 
    alter table if exists bookings 
       drop constraint if exists FKeyog2oic85xg7hsu2je2lx3s6
2025-12-09T16:07:55.067+03:00 DEBUG 6332 --- [philharmonic] [restartedMain] org.hibernate.SQL                        : 
    alter table if exists events 
       drop constraint if exists FK2dgitr96hv84be389ofxq53sc
2025-12-09T16:07:55.090+03:00 DEBUG 6332 --- [philharmonic] [restartedMain] org.hibernate.SQL                        : 
    alter table if exists events 
       drop constraint if exists FKq4ae93bqrbhtadn64yumsgk6n
2025-12-09T16:07:55.095+03:00 DEBUG 6332 --- [philharmonic] [restartedMain] org.hibernate.SQL                        : 
    alter table if exists events_performers 
       drop constraint if exists FKdx1g8wfp9m94f7972tlag4439
2025-12-09T16:07:55.118+03:00 DEBUG 6332 --- [philharmonic] [restartedMain] org.hibernate.SQL                        : 
    alter table if exists events_performers 
       drop constraint if exists FK6by6l26wagi04hkcyxhj9ombr
2025-12-09T16:07:55.135+03:00 DEBUG 6332 --- [philharmonic] [restartedMain] org.hibernate.SQL                        : 
    alter table if exists performers 
       drop constraint if exists FKn0tjwa5xwr05la30xcxtl9ujd
2025-12-09T16:07:55.170+03:00 DEBUG 6332 --- [philharmonic] [restartedMain] org.hibernate.SQL                        : 
    alter table if exists users_roles 
       drop constraint if exists FKj6m8fwv7oqv74fcehir1a9ffy
2025-12-09T16:07:55.194+03:00 DEBUG 6332 --- [philharmonic] [restartedMain] org.hibernate.SQL                        : 
    alter table if exists users_roles 
       drop constraint if exists FK2o0jvgh89lemvvo17cbqvdxaa
2025-12-09T16:07:55.338+03:00 DEBUG 6332 --- [philharmonic] [restartedMain] org.hibernate.SQL                        : 
    drop table if exists bookings cascade
2025-12-09T16:07:55.347+03:00 DEBUG 6332 --- [philharmonic] [restartedMain] org.hibernate.SQL                        : 
    drop table if exists events cascade
2025-12-09T16:07:55.354+03:00 DEBUG 6332 --- [philharmonic] [restartedMain] org.hibernate.SQL                        : 
    drop table if exists events_performers cascade
2025-12-09T16:07:55.382+03:00 DEBUG 6332 --- [philharmonic] [restartedMain] org.hibernate.SQL                        : 
    drop table if exists genres cascade
2025-12-09T16:07:55.396+03:00 DEBUG 6332 --- [philharmonic] [restartedMain] org.hibernate.SQL                        : 
    drop table if exists halls cascade
2025-12-09T16:07:55.403+03:00 DEBUG 6332 --- [philharmonic] [restartedMain] org.hibernate.SQL                        : 
    drop table if exists performers cascade
2025-12-09T16:07:55.436+03:00 DEBUG 6332 --- [philharmonic] [restartedMain] org.hibernate.SQL                        : 
    drop table if exists roles cascade
2025-12-09T16:07:55.446+03:00 DEBUG 6332 --- [philharmonic] [restartedMain] org.hibernate.SQL                        : 
    drop table if exists users cascade
2025-12-09T16:07:55.474+03:00 DEBUG 6332 --- [philharmonic] [restartedMain] org.hibernate.SQL                        : 
    drop table if exists users_roles cascade
2025-12-09T16:07:55.488+03:00  INFO 6332 --- [philharmonic] [restartedMain] com.zaxxer.hikari.HikariDataSource       : HikariPool-1 - Shutdown initiated...
2025-12-09T16:07:55.503+03:00  INFO 6332 --- [philharmonic] [restartedMain] com.zaxxer.hikari.HikariDataSource       : HikariPool-1 - Shutdown completed.
2025-12-09T16:07:55.775+03:00  INFO 6332 --- [philharmonic] [restartedMain] o.apache.catalina.core.StandardService   : Stopping service [Tomcat]
2025-12-09T16:07:55.830+03:00  INFO 6332 --- [philharmonic] [restartedMain] .s.b.a.l.ConditionEvaluationReportLogger : 

Error starting ApplicationContext. To display the condition evaluation report re-run your application with 'debug' enabled.
2025-12-09T16:07:55.887+03:00 ERROR 6332 --- [philharmonic] [restartedMain] o.s.boot.SpringApplication               : Application run failed

org.springframework.beans.factory.BeanCreationException: Error creating bean with name 'init' defined in file [C:\Users\zlatk\Desktop\UNI но не clo\веб разработка\курсовая\demo\target\classes\com\example\demo\Init.class]: Unexpected exception during bean creation
	at org.springframework.beans.factory.support.AbstractAutowireCapableBeanFactory.createBean(AbstractAutowireCapableBeanFactory.java:536) ~[spring-beans-6.2.0.jar:6.2.0]
	at org.springframework.beans.factory.support.AbstractBeanFactory.lambda$doGetBean$0(AbstractBeanFactory.java:336) ~[spring-beans-6.2.0.jar:6.2.0]
	at org.springframework.beans.factory.support.DefaultSingletonBeanRegistry.getSingleton(DefaultSingletonBeanRegistry.java:288) ~[spring-beans-6.2.0.jar:6.2.0]
	at org.springframework.beans.factory.support.AbstractBeanFactory.doGetBean(AbstractBeanFactory.java:334) ~[spring-beans-6.2.0.jar:6.2.0]
	at org.springframework.beans.factory.support.AbstractBeanFactory.getBean(AbstractBeanFactory.java:199) ~[spring-beans-6.2.0.jar:6.2.0]
	at org.springframework.beans.factory.support.DefaultListableBeanFactory.instantiateSingleton(DefaultListableBeanFactory.java:1122) ~[spring-beans-6.2.0.jar:6.2.0]
	at org.springframework.beans.factory.support.DefaultListableBeanFactory.preInstantiateSingleton(DefaultListableBeanFactory.java:1093) ~[spring-beans-6.2.0.jar:6.2.0]
	at org.springframework.beans.factory.support.DefaultListableBeanFactory.preInstantiateSingletons(DefaultListableBeanFactory.java:1030) ~[spring-beans-6.2.0.jar:6.2.0]
	at org.springframework.context.support.AbstractApplicationContext.finishBeanFactoryInitialization(AbstractApplicationContext.java:987) ~[spring-context-6.2.0.jar:6.2.0]
	at org.springframework.context.support.AbstractApplicationContext.refresh(AbstractApplicationContext.java:627) ~[spring-context-6.2.0.jar:6.2.0]
	at org.springframework.boot.web.servlet.context.ServletWebServerApplicationContext.refresh(ServletWebServerApplicationContext.java:146) ~[spring-boot-3.4.0.jar:3.4.0]
	at org.springframework.boot.SpringApplication.refresh(SpringApplication.java:752) ~[spring-boot-3.4.0.jar:3.4.0]
	at org.springframework.boot.SpringApplication.refreshContext(SpringApplication.java:439) ~[spring-boot-3.4.0.jar:3.4.0]
	at org.springframework.boot.SpringApplication.run(SpringApplication.java:318) ~[spring-boot-3.4.0.jar:3.4.0]
	at org.springframework.boot.SpringApplication.run(SpringApplication.java:1361) ~[spring-boot-3.4.0.jar:3.4.0]
	at org.springframework.boot.SpringApplication.run(SpringApplication.java:1350) ~[spring-boot-3.4.0.jar:3.4.0]
	at com.example.demo.PhilharmonicApplication.main(PhilharmonicApplication.java:11) ~[classes/:na]
	at java.base/jdk.internal.reflect.DirectMethodHandleAccessor.invoke(DirectMethodHandleAccessor.java:103) ~[na:na]
	at java.base/java.lang.reflect.Method.invoke(Method.java:580) ~[na:na]
	at org.springframework.boot.devtools.restart.RestartLauncher.run(RestartLauncher.java:50) ~[spring-boot-devtools-3.4.0.jar:3.4.0]
Caused by: org.springframework.util.PlaceholderResolutionException: Could not resolve placeholder 'app.default.password' in value "${app.default.password}"
	at org.springframework.util.PlaceholderResolutionException.withValue(PlaceholderResolutionException.java:81) ~[spring-core-6.2.0.jar:6.2.0]
	at org.springframework.util.PlaceholderParser$ParsedValue.resolve(PlaceholderParser.java:416) ~[spring-core-6.2.0.jar:6.2.0]
	at org.springframework.util.PlaceholderParser.replacePlaceholders(PlaceholderParser.java:128) ~[spring-core-6.2.0.jar:6.2.0]
	at org.springframework.util.PropertyPlaceholderHelper.parseStringValue(PropertyPlaceholderHelper.java:118) ~[spring-core-6.2.0.jar:6.2.0]
	at org.springframework.util.PropertyPlaceholderHelper.replacePlaceholders(PropertyPlaceholderHelper.java:114) ~[spring-core-6.2.0.jar:6.2.0]
	at org.springframework.core.env.AbstractPropertyResolver.doResolvePlaceholders(AbstractPropertyResolver.java:255) ~[spring-core-6.2.0.jar:6.2.0]
	at org.springframework.core.env.AbstractPropertyResolver.resolveRequiredPlaceholders(AbstractPropertyResolver.java:226) ~[spring-core-6.2.0.jar:6.2.0]
	at org.springframework.context.support.PropertySourcesPlaceholderConfigurer.lambda$processProperties$0(PropertySourcesPlaceholderConfigurer.java:201) ~[spring-context-6.2.0.jar:6.2.0]
	at org.springframework.beans.factory.support.AbstractBeanFactory.resolveEmbeddedValue(AbstractBeanFactory.java:963) ~[spring-beans-6.2.0.jar:6.2.0]
	at org.springframework.beans.factory.support.DefaultListableBeanFactory.doResolveDependency(DefaultListableBeanFactory.java:1536) ~[spring-beans-6.2.0.jar:6.2.0]
	at org.springframework.beans.factory.support.DefaultListableBeanFactory.resolveDependency(DefaultListableBeanFactory.java:1514) ~[spring-beans-6.2.0.jar:6.2.0]
	at org.springframework.beans.factory.support.ConstructorResolver.resolveAutowiredArgument(ConstructorResolver.java:913) ~[spring-beans-6.2.0.jar:6.2.0]
	at org.springframework.beans.factory.support.ConstructorResolver.createArgumentArray(ConstructorResolver.java:791) ~[spring-beans-6.2.0.jar:6.2.0]
	at org.springframework.beans.factory.support.ConstructorResolver.autowireConstructor(ConstructorResolver.java:240) ~[spring-beans-6.2.0.jar:6.2.0]
	at org.springframework.beans.factory.support.AbstractAutowireCapableBeanFactory.autowireConstructor(AbstractAutowireCapableBeanFactory.java:1371) ~[spring-beans-6.2.0.jar:6.2.0]
	at org.springframework.beans.factory.support.AbstractAutowireCapableBeanFactory.createBeanInstance(AbstractAutowireCapableBeanFactory.java:1208) ~[spring-beans-6.2.0.jar:6.2.0]
	at org.springframework.beans.factory.support.AbstractAutowireCapableBeanFactory.doCreateBean(AbstractAutowireCapableBeanFactory.java:563) ~[spring-beans-6.2.0.jar:6.2.0]
	at org.springframework.beans.factory.support.AbstractAutowireCapableBeanFactory.createBean(AbstractAutowireCapableBeanFactory.java:523) ~[spring-beans-6.2.0.jar:6.2.0]
	... 19 common frames omitted

